<?xml version="1.0" encoding="UTF-8"?>
<testng-results skipped="0" failed="1" ignored="0" total="1" passed="0">
  <reporter-output>
  </reporter-output>
  <suite name="Default suite" duration-ms="35425" started-at="2020-08-04T11:30:47Z" finished-at="2020-08-04T11:31:23Z">
    <groups>
    </groups>
    <test name="Default test" duration-ms="35425" started-at="2020-08-04T11:30:47Z" finished-at="2020-08-04T11:31:23Z">
      <class name="uitest.easemytrip.test.TestEaseMyTrip">
        <test-method status="PASS" signature="setup()[pri:0, instance:uitest.easemytrip.test.TestEaseMyTrip@653222]" name="setup" is-config="true" duration-ms="20827" started-at="2020-08-04T11:30:47Z" finished-at="2020-08-04T11:31:08Z">
          <reporter-output>
          </reporter-output>
        </test-method> <!-- setup -->
        <test-method status="FAIL" signature="findLowestPriceFromMonth()[pri:0, instance:uitest.easemytrip.test.TestEaseMyTrip@653222]" name="findLowestPriceFromMonth" duration-ms="2188" started-at="2020-08-04T11:31:08Z" finished-at="2020-08-04T11:31:10Z">
          <exception class="java.lang.ArithmeticException">
            <message>
              <![CDATA[JavaScript Executor failed to perform its operation]]>
            </message>
            <full-stacktrace>
              <![CDATA[java.lang.ArithmeticException: JavaScript Executor failed to perform its operation
at uitest.easemytrip.pages.HomePage.getFareForEachDayOfMonth(HomePage.java:86)
at uitest.easemytrip.pages.HomePage.getLowestFaresForMonth(HomePage.java:94)
at uitest.easemytrip.test.TestEaseMyTrip.findLowestPriceFromMonth(TestEaseMyTrip.java:45)
at sun.reflect.NativeMethodAccessorImpl.invoke0(Native Method)
at sun.reflect.NativeMethodAccessorImpl.invoke(NativeMethodAccessorImpl.java:62)
at sun.reflect.DelegatingMethodAccessorImpl.invoke(DelegatingMethodAccessorImpl.java:43)
at java.lang.reflect.Method.invoke(Method.java:483)
at org.testng.internal.MethodInvocationHelper.invokeMethod(MethodInvocationHelper.java:124)
at org.testng.internal.Invoker.invokeMethod(Invoker.java:583)
at org.testng.internal.Invoker.invokeTestMethod(Invoker.java:719)
at org.testng.internal.Invoker.invokeTestMethods(Invoker.java:989)
at org.testng.internal.TestMethodWorker.invokeTestMethods(TestMethodWorker.java:125)
at org.testng.internal.TestMethodWorker.run(TestMethodWorker.java:109)
at org.testng.TestRunner.privateRun(TestRunner.java:648)
at org.testng.TestRunner.run(TestRunner.java:505)
at org.testng.SuiteRunner.runTest(SuiteRunner.java:455)
at org.testng.SuiteRunner.runSequentially(SuiteRunner.java:450)
at org.testng.SuiteRunner.privateRun(SuiteRunner.java:415)
at org.testng.SuiteRunner.run(SuiteRunner.java:364)
at org.testng.SuiteRunnerWorker.runSuite(SuiteRunnerWorker.java:52)
at org.testng.SuiteRunnerWorker.run(SuiteRunnerWorker.java:84)
at org.testng.TestNG.runSuitesSequentially(TestNG.java:1208)
at org.testng.TestNG.runSuitesLocally(TestNG.java:1137)
at org.testng.TestNG.runSuites(TestNG.java:1049)
at org.testng.TestNG.run(TestNG.java:1017)
at org.testng.remote.AbstractRemoteTestNG.run(AbstractRemoteTestNG.java:132)
at org.testng.remote.RemoteTestNG.initAndRun(RemoteTestNG.java:236)
at org.testng.remote.RemoteTestNG.main(RemoteTestNG.java:81)
]]>
            </full-stacktrace>
          </exception> <!-- java.lang.ArithmeticException -->
          <reporter-output>
          </reporter-output>
        </test-method> <!-- findLowestPriceFromMonth -->
        <test-method status="PASS" signature="tearDown()[pri:0, instance:uitest.easemytrip.test.TestEaseMyTrip@653222]" name="tearDown" is-config="true" duration-ms="12346" started-at="2020-08-04T11:31:11Z" finished-at="2020-08-04T11:31:23Z">
          <reporter-output>
          </reporter-output>
        </test-method> <!-- tearDown -->
      </class> <!-- uitest.easemytrip.test.TestEaseMyTrip -->
    </test> <!-- Default test -->
  </suite> <!-- Default suite -->
</testng-results>
